2026-06-03 13:03:08,656 - BIMS - INFO - Application started and database initialized.
2026-06-03 13:04:25,013 - BIMS - INFO - User logged in: admin
2026-06-03 13:22:17,162 - BIMS.ResidentService - INFO - Resident added: RES-011
2026-06-03 13:23:17,149 - BIMS.ReportService - INFO - Residents exported to CSV
2026-06-03 13:23:23,449 - BIMS.ReportService - INFO - Residents exported to CSV
2026-06-03 13:25:37,639 - BIMS - INFO - Application started and database initialized.
2026-06-03 13:25:45,444 - BIMS - INFO - User logged in: admin
2026-06-03 13:25:52,731 - BIMS - INFO - Application started and database initialized.
2026-06-03 13:26:02,297 - BIMS - INFO - User logged in: admin
2026-06-03 13:29:23,579 - BIMS - INFO - Application started and database initialized.
2026-06-03 13:29:31,296 - BIMS - INFO - User logged in: resident
2026-06-03 13:32:14,945 - BIMS - INFO - Application started and database initialized.
2026-06-03 13:32:22,367 - BIMS - INFO - User logged in: admin
2026-06-03 13:34:38,845 - BIMS - INFO - Application started and database initialized.
2026-06-03 13:34:46,447 - BIMS - INFO - User logged in: admin
2026-06-03 13:35:02,786 - BIMS.ResidentService - INFO - Resident deleted: RES-011
2026-06-04 15:12:14,054 - BIMS - INFO - Application started and database initialized.
2026-06-04 15:12:20,949 - BIMS - INFO - User logged in: admin
2026-06-06 09:23:35,291 - BIMS - INFO - Application started and database initialized.
2026-06-06 10:08:41,579 - BIMS - INFO - User logged in: resident
2026-06-06 10:30:06,765 - BIMS - INFO - Application started and database initialized.
2026-06-06 10:30:14,312 - BIMS - INFO - User logged in: admin
2026-06-06 10:40:27,381 - BIMS.CertificateService - INFO - Certificate generated: 1 for RES-002
2026-06-06 10:42:01,633 - BIMS - INFO - Application started and database initialized.
